********************************************************************************
DUPLICATOR-LITE PACKAGE-LOG: February 2, 2020 4:34 pm
NOTICE: Do NOT post to public sites or forums 
********************************************************************************
VERSION:	1.3.24
WORDPRESS:	5.3.2
PHP INFO:	7.4.1 | SAPI: apache2handler
SERVER:		Apache/2.2.34 (Unix) mod_wsgi/3.5 Python/2.7.13 PHP/7.4.1 mod_ssl/2.2.34 OpenSSL/1.0.2o DAV/2 mod_fastcgi/mod_fastcgi-SNAP-0910052141 mod_perl/2.0.11 Perl/v5.24.0 
PHP TIME LIMIT: (0) no time limit imposed 
PHP MAX MEMORY: 4294967296 (128M default) 
MEMORY STACK: 4MB

********************************************************************************
DATABASE:
********************************************************************************
BUILD MODE:   PHP(query limit - 100)
MYSQLTIMEOUT: 5000
MYSQLDUMP:    Not Supported
TABLES: total:13 | filtered:0 | create:13
FILTERED: []
SQL CREATED: 20200202_accelerate_ae5cf1eea5b0c4f88508_20200202163444_database.sql
SQL FILE SIZE: 128.9KB (131996)
SQL FILE TIME: 2020-02-02 16:34:54
SQL RUNTIME: 0.39 sec.

********************************************************************************
ARCHIVE (ZIP):
********************************************************************************
ARCHIVE DIR:  /Users/lyndsey/Documents/skillcrush/Sites/203-accelerate
ARCHIVE FILE: 20200202_accelerate_ae5cf1eea5b0c4f88508_20200202163444_archive.zip
FILTERS: *OFF*
DIRS:
	not set
FILES:
	not set
EXTS:  not set
----------------------------------------
COMPRESSING
SIZE:	83.35MB
STATS:	Dirs 525 | Files 3,362
SQL ADDED: 20200202_accelerate_ae5cf1eea5b0c4f88508_20200202163444_database.sql
ZipArchive Object
(
    [status] => 0
    [statusSys] => 0
    [numFiles] => 3887
    [filename] => /Users/lyndsey/Documents/skillcrush/Sites/203-accelerate/wp-snapshots/tmp/20200202_accelerate_ae5cf1eea5b0c4f88508_20200202163444_archive.zip
    [comment] => 
)

FILE ADDED TO ZIP: 3886
COMPRESSION RESULT: '1'
COMPRESSED SIZE: 50.82MB
ARCHIVE RUNTIME: 28.92 sec.
MEMORY STACK: 4MB
building installer
add_extra_files1
add_extra_files2
add_extra_files3
add_extra_files4
Doing archive file check
add_extra_files5
add_extra_files6
add_extra_files8
Successfully opened zip /Users/lyndsey/Documents/skillcrush/Sites/203-accelerate/wp-snapshots/tmp/20200202_accelerate_ae5cf1eea5b0c4f88508_20200202163444_archive.zip
Adding enhanced installer files to archive using ZipArchive
Installer files added to archive
Added to archive
After ziparchive close when adding installer

********************************************************************************
INTEGRITY CHECKS:
********************************************************************************
SQL FILE: 128.9KB
INSTALLER FILE: 60.53KB
ARCHIVE FILE: 52.17MB 
EXPECTED FILE/DIRECTORY COUNT: 3,887
ACTUAL FILE/DIRECTORY COUNT: 3,886
ARCHIVE CONSISTENCY TEST: Pass

********************************************************************************
RECORD ID:[1]
TOTAL PROCESS RUNTIME: 35.11 sec.
PEAK PHP MEMORY USED: 6MB
DONE PROCESSING => 20200202_accelerate February 2, 2020 4:35 pm

